2011-11-25 00:46:00,233 WARN  [org.motechproject.openmrs.Context] connecting to openmrs instance at jdbc:mysql://localhost:3306/openmrs_test?autoReconnect=true
2011-11-25 00:46:00,239 WARN  [org.motechproject.openmrs.Context] openmrs data folder is  set to /home/geet/dev/MOTECH/GHANA-National/ghana-national-core/target/test-classes/openmrs-data
2011-11-25 00:46:03,983 WARN  [org.hibernate.cache.EhCacheProvider] Could not find configuration [org.openmrs.Person]; using defaults.
2011-11-25 00:46:04,256 WARN  [org.hibernate.cache.EhCacheProvider] Could not find configuration [org.openmrs.Role.privileges]; using defaults.
2011-11-25 00:46:04,257 WARN  [org.hibernate.cache.EhCacheProvider] Could not find configuration [org.openmrs.Role.inheritedRoles]; using defaults.
2011-11-25 00:46:07,110 INFO  [org.openmrs.api] In method AdministrationService.saveGlobalProperty. Arguments: GlobalProperty=property: logic.started value: true, 
2011-11-25 00:46:07,112 INFO  [org.openmrs.api] Exiting method saveGlobalProperty
2011-11-25 00:46:07,129 INFO  [org.openmrs.api] In method AdministrationService.saveGlobalProperty. Arguments: GlobalProperty=property: logic.mandatory value: false, 
2011-11-25 00:46:07,129 INFO  [org.openmrs.api] Exiting method saveGlobalProperty
2011-11-25 00:46:07,203 INFO  [org.openmrs.module.logic.LogicModuleActivator] Creating default directory structure for logic module ...
2011-11-25 00:46:07,209 WARN  [org.openmrs.util.OpenmrsUtil] '/home/geet/dev/MOTECH/GHANA-National/ghana-national-core/target/test-classes/openmrs-data/logic/class' doesn't exist.  Creating directories now.
2011-11-25 00:46:07,210 WARN  [org.openmrs.util.OpenmrsUtil] '/home/geet/dev/MOTECH/GHANA-National/ghana-national-core/target/test-classes/openmrs-data/logic/sources' doesn't exist.  Creating directories now.
2011-11-25 00:46:07,224 INFO  [org.openmrs.api] In method SchedulerService.scheduleTask. Arguments: TaskDefinition=[TaskDefinition  id=2 name=Initialize Logic Rule Providers class=org.openmrs.logic.task.InitializeLogicRuleProvidersTask startTime=Fri Nov 25 00:46:37 IST 2011 repeatInterval=1999999999 secondsUntilNext=29], 
2011-11-25 00:46:07,227 INFO  [org.openmrs.scheduler.timer.TimerSchedulerServiceImpl] Starting task ... the task will execute for the first time at Fri Nov 25 00:46:37 IST 2011
2011-11-25 00:46:07,230 INFO  [org.openmrs.api] Exiting method scheduleTask
2011-11-25 00:46:07,412 INFO  [org.openmrs.api] In method AdministrationService.saveGlobalProperty. Arguments: GlobalProperty=property: idgen.started value: true, 
2011-11-25 00:46:07,412 INFO  [org.openmrs.api] Exiting method saveGlobalProperty
2011-11-25 00:46:07,420 INFO  [org.openmrs.api] In method AdministrationService.saveGlobalProperty. Arguments: GlobalProperty=property: idgen.mandatory value: false, 
2011-11-25 00:46:07,436 INFO  [org.openmrs.api] Exiting method saveGlobalProperty
2011-11-25 00:46:07,545 INFO  [org.openmrs.module.idgen.ModuleActivator] Starting idgen Module
2011-11-25 00:46:07,583 INFO  [org.openmrs.api] In method SchedulerService.onStartup. Arguments: 
2011-11-25 00:46:07,593 INFO  [org.openmrs.scheduler.timer.TimerSchedulerServiceImpl] Starting one-shot task
2011-11-25 00:46:07,595 INFO  [org.openmrs.api] Exiting method onStartup
2011-11-25 00:46:07,604 WARN  [org.motechproject.openmrs.Context] loaded 2 modules
2011-11-25 00:46:07,665 INFO  [org.openmrs.api] In method ConceptService.updateConceptIndex. Arguments: Concept=21, 
2011-11-25 00:46:07,772 INFO  [org.openmrs.api] Exiting method updateConceptIndex
2011-11-25 00:46:07,849 INFO  [org.openmrs.api] In method ConceptService.updateConceptIndex. Arguments: Concept=36, 
2011-11-25 00:46:07,882 INFO  [org.openmrs.api] Exiting method updateConceptIndex
2011-11-25 00:46:07,956 INFO  [org.openmrs.api] In method ConceptService.updateConceptIndex. Arguments: Concept=44, 
2011-11-25 00:46:07,980 INFO  [org.openmrs.api] Exiting method updateConceptIndex
2011-11-25 00:46:08,039 INFO  [org.openmrs.api] In method ConceptService.updateConceptIndex. Arguments: Concept=299, 
2011-11-25 00:46:08,065 INFO  [org.openmrs.api] Exiting method updateConceptIndex
2011-11-25 00:46:08,123 INFO  [org.openmrs.api] In method ConceptService.updateConceptIndex. Arguments: Concept=664, 
2011-11-25 00:46:08,147 INFO  [org.openmrs.api] Exiting method updateConceptIndex
2011-11-25 00:46:08,216 INFO  [org.openmrs.api] In method ConceptService.updateConceptIndex. Arguments: Concept=703, 
2011-11-25 00:46:08,241 INFO  [org.openmrs.api] Exiting method updateConceptIndex
2011-11-25 00:46:08,317 INFO  [org.openmrs.api] In method ConceptService.updateConceptIndex. Arguments: Concept=886, 
2011-11-25 00:46:08,341 INFO  [org.openmrs.api] Exiting method updateConceptIndex
2011-11-25 00:46:08,408 INFO  [org.openmrs.api] In method ConceptService.updateConceptIndex. Arguments: Concept=984, 
2011-11-25 00:46:08,432 INFO  [org.openmrs.api] Exiting method updateConceptIndex
2011-11-25 00:46:08,500 INFO  [org.openmrs.api] In method ConceptService.updateConceptIndex. Arguments: Concept=1053, 
2011-11-25 00:46:08,521 INFO  [org.openmrs.api] Exiting method updateConceptIndex
2011-11-25 00:46:08,575 INFO  [org.openmrs.api] In method ConceptService.updateConceptIndex. Arguments: Concept=1228, 
2011-11-25 00:46:08,593 INFO  [org.openmrs.api] Exiting method updateConceptIndex
2011-11-25 00:46:08,653 INFO  [org.openmrs.api] In method ConceptService.updateConceptIndex. Arguments: Concept=1229, 
2011-11-25 00:46:08,683 INFO  [org.openmrs.api] Exiting method updateConceptIndex
2011-11-25 00:46:08,742 INFO  [org.openmrs.api] In method ConceptService.updateConceptIndex. Arguments: Concept=5085, 
2011-11-25 00:46:08,759 INFO  [org.openmrs.api] Exiting method updateConceptIndex
2011-11-25 00:46:08,806 INFO  [org.openmrs.api] In method ConceptService.updateConceptIndex. Arguments: Concept=5086, 
2011-11-25 00:46:08,819 INFO  [org.openmrs.api] Exiting method updateConceptIndex
2011-11-25 00:46:08,900 INFO  [org.openmrs.api] In method ConceptService.updateConceptIndex. Arguments: Concept=5088, 
2011-11-25 00:46:08,916 INFO  [org.openmrs.api] Exiting method updateConceptIndex
2011-11-25 00:46:08,985 INFO  [org.openmrs.api] In method ConceptService.updateConceptIndex. Arguments: Concept=5089, 
2011-11-25 00:46:09,002 INFO  [org.openmrs.api] Exiting method updateConceptIndex
2011-11-25 00:46:09,069 INFO  [org.openmrs.api] In method ConceptService.updateConceptIndex. Arguments: Concept=5090, 
2011-11-25 00:46:09,089 INFO  [org.openmrs.api] Exiting method updateConceptIndex
2011-11-25 00:46:09,143 INFO  [org.openmrs.api] In method ConceptService.updateConceptIndex. Arguments: Concept=5242, 
2011-11-25 00:46:09,155 INFO  [org.openmrs.api] Exiting method updateConceptIndex
2011-11-25 00:46:09,211 INFO  [org.openmrs.api] In method ConceptService.updateConceptIndex. Arguments: Concept=5272, 
2011-11-25 00:46:09,262 INFO  [org.openmrs.api] Exiting method updateConceptIndex
2011-11-25 00:46:09,326 INFO  [org.openmrs.api] In method ConceptService.updateConceptIndex. Arguments: Concept=5596, 
2011-11-25 00:46:09,340 INFO  [org.openmrs.api] Exiting method updateConceptIndex
2011-11-25 00:46:09,401 INFO  [org.openmrs.api] In method ConceptService.updateConceptIndex. Arguments: Concept=5624, 
2011-11-25 00:46:09,414 INFO  [org.openmrs.api] Exiting method updateConceptIndex
2011-11-25 00:46:09,472 INFO  [org.openmrs.api] In method ConceptService.updateConceptIndex. Arguments: Concept=5864, 
2011-11-25 00:46:09,488 INFO  [org.openmrs.api] Exiting method updateConceptIndex
2011-11-25 00:46:09,551 INFO  [org.openmrs.api] In method ConceptService.updateConceptIndex. Arguments: Concept=6100, 
2011-11-25 00:46:09,563 INFO  [org.openmrs.api] Exiting method updateConceptIndex
2011-11-25 00:46:09,627 INFO  [org.openmrs.api] In method ConceptService.updateConceptIndex. Arguments: Concept=6101, 
2011-11-25 00:46:09,640 INFO  [org.openmrs.api] Exiting method updateConceptIndex
2011-11-25 00:46:09,727 INFO  [org.openmrs.api] In method ConceptService.updateConceptIndex. Arguments: Concept=6102, 
2011-11-25 00:46:09,749 INFO  [org.openmrs.api] Exiting method updateConceptIndex
2011-11-25 00:46:09,811 INFO  [org.openmrs.api] In method ConceptService.updateConceptIndex. Arguments: Concept=6103, 
2011-11-25 00:46:09,826 INFO  [org.openmrs.api] Exiting method updateConceptIndex
2011-11-25 00:46:09,878 INFO  [org.openmrs.api] In method ConceptService.updateConceptIndex. Arguments: Concept=6104, 
2011-11-25 00:46:09,891 INFO  [org.openmrs.api] Exiting method updateConceptIndex
2011-11-25 00:46:09,945 INFO  [org.openmrs.api] In method ConceptService.updateConceptIndex. Arguments: Concept=6105, 
2011-11-25 00:46:09,958 INFO  [org.openmrs.api] Exiting method updateConceptIndex
2011-11-25 00:46:10,012 INFO  [org.openmrs.api] In method ConceptService.updateConceptIndex. Arguments: Concept=6106, 
2011-11-25 00:46:10,026 INFO  [org.openmrs.api] Exiting method updateConceptIndex
2011-11-25 00:46:10,086 INFO  [org.openmrs.api] In method ConceptService.updateConceptIndex. Arguments: Concept=6107, 
2011-11-25 00:46:10,100 INFO  [org.openmrs.api] Exiting method updateConceptIndex
2011-11-25 00:46:10,154 INFO  [org.openmrs.api] In method ConceptService.updateConceptIndex. Arguments: Concept=6108, 
2011-11-25 00:46:10,172 INFO  [org.openmrs.api] Exiting method updateConceptIndex
2011-11-25 00:46:10,237 INFO  [org.openmrs.api] In method ConceptService.updateConceptIndex. Arguments: Concept=6109, 
2011-11-25 00:46:10,252 INFO  [org.openmrs.api] Exiting method updateConceptIndex
2011-11-25 00:46:10,304 INFO  [org.openmrs.api] In method ConceptService.updateConceptIndex. Arguments: Concept=6110, 
2011-11-25 00:46:10,319 INFO  [org.openmrs.api] Exiting method updateConceptIndex
2011-11-25 00:46:10,370 INFO  [org.openmrs.api] In method ConceptService.updateConceptIndex. Arguments: Concept=6111, 
2011-11-25 00:46:10,396 INFO  [org.openmrs.api] Exiting method updateConceptIndex
2011-11-25 00:46:10,446 INFO  [org.openmrs.api] In method ConceptService.updateConceptIndex. Arguments: Concept=6112, 
2011-11-25 00:46:10,464 INFO  [org.openmrs.api] Exiting method updateConceptIndex
2011-11-25 00:46:10,529 INFO  [org.openmrs.api] In method ConceptService.updateConceptIndex. Arguments: Concept=6113, 
2011-11-25 00:46:10,546 INFO  [org.openmrs.api] Exiting method updateConceptIndex
2011-11-25 00:46:10,638 INFO  [org.openmrs.api] In method ConceptService.updateConceptIndex. Arguments: Concept=6114, 
2011-11-25 00:46:10,651 INFO  [org.openmrs.api] Exiting method updateConceptIndex
2011-11-25 00:46:10,705 INFO  [org.openmrs.api] In method ConceptService.updateConceptIndex. Arguments: Concept=6115, 
2011-11-25 00:46:10,720 INFO  [org.openmrs.api] Exiting method updateConceptIndex
2011-11-25 00:46:10,771 INFO  [org.openmrs.api] In method ConceptService.updateConceptIndex. Arguments: Concept=6116, 
2011-11-25 00:46:10,793 INFO  [org.openmrs.api] Exiting method updateConceptIndex
2011-11-25 00:46:10,846 INFO  [org.openmrs.api] In method ConceptService.updateConceptIndex. Arguments: Concept=6117, 
2011-11-25 00:46:10,856 INFO  [org.openmrs.api] Exiting method updateConceptIndex
2011-11-25 00:46:10,922 INFO  [org.openmrs.api] In method ConceptService.updateConceptIndex. Arguments: Concept=6118, 
2011-11-25 00:46:10,932 INFO  [org.openmrs.api] Exiting method updateConceptIndex
2011-11-25 00:46:10,988 INFO  [org.openmrs.api] In method ConceptService.updateConceptIndex. Arguments: Concept=6119, 
2011-11-25 00:46:10,998 INFO  [org.openmrs.api] Exiting method updateConceptIndex
2011-11-25 00:46:11,055 INFO  [org.openmrs.api] In method ConceptService.updateConceptIndex. Arguments: Concept=6120, 
2011-11-25 00:46:11,066 INFO  [org.openmrs.api] Exiting method updateConceptIndex
2011-11-25 00:46:11,122 INFO  [org.openmrs.api] In method ConceptService.updateConceptIndex. Arguments: Concept=6121, 
2011-11-25 00:46:11,138 INFO  [org.openmrs.api] Exiting method updateConceptIndex
2011-11-25 00:46:11,188 INFO  [org.openmrs.api] In method ConceptService.updateConceptIndex. Arguments: Concept=6122, 
2011-11-25 00:46:11,199 INFO  [org.openmrs.api] Exiting method updateConceptIndex
2011-11-25 00:46:11,296 INFO  [org.openmrs.api] In method ConceptService.updateConceptIndex. Arguments: Concept=6123, 
2011-11-25 00:46:11,308 INFO  [org.openmrs.api] Exiting method updateConceptIndex
2011-11-25 00:46:11,373 INFO  [org.openmrs.api] In method ConceptService.updateConceptIndex. Arguments: Concept=6124, 
2011-11-25 00:46:11,388 INFO  [org.openmrs.api] Exiting method updateConceptIndex
2011-11-25 00:46:11,447 INFO  [org.openmrs.api] In method ConceptService.updateConceptIndex. Arguments: Concept=6125, 
2011-11-25 00:46:11,457 INFO  [org.openmrs.api] Exiting method updateConceptIndex
2011-11-25 00:46:11,515 INFO  [org.openmrs.api] In method ConceptService.updateConceptIndex. Arguments: Concept=6126, 
2011-11-25 00:46:11,526 INFO  [org.openmrs.api] Exiting method updateConceptIndex
2011-11-25 00:46:11,581 INFO  [org.openmrs.api] In method ConceptService.updateConceptIndex. Arguments: Concept=6127, 
2011-11-25 00:46:11,584 WARN  [org.motechproject.openmrs.Context] connecting to openmrs instance at jdbc:mysql://localhost:3306/openmrs_test?autoReconnect=true
2011-11-25 00:46:11,590 WARN  [org.motechproject.openmrs.Context] openmrs data folder is  set to /home/geet/dev/MOTECH/GHANA-National/ghana-national-core/target/test-classes/openmrs-data
2011-11-25 00:46:11,601 INFO  [org.openmrs.api] Exiting method updateConceptIndex
2011-11-25 00:46:11,689 INFO  [org.openmrs.api] In method ConceptService.updateConceptIndex. Arguments: Concept=6128, 
2011-11-25 00:46:11,700 INFO  [org.openmrs.api] Exiting method updateConceptIndex
2011-11-25 00:46:11,756 INFO  [org.openmrs.api] In method ConceptService.updateConceptIndex. Arguments: Concept=6129, 
2011-11-25 00:46:11,766 INFO  [org.openmrs.api] Exiting method updateConceptIndex
2011-11-25 00:46:11,822 INFO  [org.openmrs.api] In method ConceptService.updateConceptIndex. Arguments: Concept=6130, 
2011-11-25 00:46:11,834 INFO  [org.openmrs.api] Exiting method updateConceptIndex
2011-11-25 00:46:11,890 INFO  [org.openmrs.api] In method ConceptService.updateConceptIndex. Arguments: Concept=6131, 
2011-11-25 00:46:11,904 INFO  [org.openmrs.api] Exiting method updateConceptIndex
2011-11-25 00:46:11,967 INFO  [org.openmrs.api] In method ConceptService.updateConceptIndex. Arguments: Concept=6132, 
2011-11-25 00:46:11,980 INFO  [org.openmrs.api] Exiting method updateConceptIndex
2011-11-25 00:46:12,032 INFO  [org.openmrs.api] In method ConceptService.updateConceptIndex. Arguments: Concept=6133, 
2011-11-25 00:46:12,043 INFO  [org.openmrs.api] Exiting method updateConceptIndex
2011-11-25 00:46:12,098 INFO  [org.openmrs.api] In method ConceptService.updateConceptIndex. Arguments: Concept=6134, 
2011-11-25 00:46:12,108 INFO  [org.openmrs.api] Exiting method updateConceptIndex
2011-11-25 00:46:12,166 INFO  [org.openmrs.api] In method ConceptService.updateConceptIndex. Arguments: Concept=6135, 
2011-11-25 00:46:12,182 INFO  [org.openmrs.api] Exiting method updateConceptIndex
2011-11-25 00:46:12,241 INFO  [org.openmrs.api] In method ConceptService.updateConceptIndex. Arguments: Concept=6136, 
2011-11-25 00:46:12,252 INFO  [org.openmrs.api] Exiting method updateConceptIndex
2011-11-25 00:46:12,307 INFO  [org.openmrs.api] In method ConceptService.updateConceptIndex. Arguments: Concept=6137, 
2011-11-25 00:46:12,321 INFO  [org.openmrs.api] Exiting method updateConceptIndex
2011-11-25 00:46:12,417 INFO  [org.openmrs.api] In method ConceptService.updateConceptIndex. Arguments: Concept=6138, 
2011-11-25 00:46:12,439 INFO  [org.openmrs.api] Exiting method updateConceptIndex
2011-11-25 00:46:12,492 INFO  [org.openmrs.api] In method ConceptService.updateConceptIndex. Arguments: Concept=6139, 
2011-11-25 00:46:12,505 INFO  [org.openmrs.api] Exiting method updateConceptIndex
2011-11-25 00:46:12,575 INFO  [org.openmrs.api] In method ConceptService.updateConceptIndex. Arguments: Concept=6140, 
2011-11-25 00:46:12,588 INFO  [org.openmrs.api] Exiting method updateConceptIndex
2011-11-25 00:46:12,641 INFO  [org.openmrs.api] In method ConceptService.updateConceptIndex. Arguments: Concept=6141, 
2011-11-25 00:46:12,657 INFO  [org.openmrs.api] Exiting method updateConceptIndex
2011-11-25 00:46:12,709 INFO  [org.openmrs.api] In method ConceptService.updateConceptIndex. Arguments: Concept=6142, 
2011-11-25 00:46:12,734 INFO  [org.openmrs.api] Exiting method updateConceptIndex
2011-11-25 00:46:12,783 INFO  [org.openmrs.api] In method ConceptService.updateConceptIndex. Arguments: Concept=6143, 
2011-11-25 00:46:12,796 INFO  [org.openmrs.api] Exiting method updateConceptIndex
2011-11-25 00:46:12,850 INFO  [org.openmrs.api] In method ConceptService.updateConceptIndex. Arguments: Concept=6144, 
2011-11-25 00:46:12,865 INFO  [org.openmrs.api] Exiting method updateConceptIndex
2011-11-25 00:46:12,916 INFO  [org.openmrs.api] In method ConceptService.updateConceptIndex. Arguments: Concept=6145, 
2011-11-25 00:46:12,942 INFO  [org.openmrs.api] Exiting method updateConceptIndex
2011-11-25 00:46:12,991 INFO  [org.openmrs.api] In method ConceptService.updateConceptIndex. Arguments: Concept=6146, 
2011-11-25 00:46:13,002 INFO  [org.openmrs.api] Exiting method updateConceptIndex
2011-11-25 00:46:13,051 INFO  [org.openmrs.api] In method ConceptService.updateConceptIndex. Arguments: Concept=6147, 
2011-11-25 00:46:13,069 INFO  [org.openmrs.api] Exiting method updateConceptIndex
2011-11-25 00:46:13,126 INFO  [org.openmrs.api] In method ConceptService.updateConceptIndex. Arguments: Concept=6148, 
2011-11-25 00:46:13,136 INFO  [org.openmrs.api] Exiting method updateConceptIndex
2011-11-25 00:46:13,184 INFO  [org.openmrs.api] In method ConceptService.updateConceptIndex. Arguments: Concept=6149, 
2011-11-25 00:46:13,195 INFO  [org.openmrs.api] Exiting method updateConceptIndex
2011-11-25 00:46:13,242 INFO  [org.openmrs.api] In method ConceptService.updateConceptIndex. Arguments: Concept=6150, 
2011-11-25 00:46:13,255 INFO  [org.openmrs.api] Exiting method updateConceptIndex
2011-11-25 00:46:13,309 INFO  [org.openmrs.api] In method ConceptService.updateConceptIndex. Arguments: Concept=6151, 
2011-11-25 00:46:13,319 INFO  [org.openmrs.api] Exiting method updateConceptIndex
2011-11-25 00:46:13,376 INFO  [org.openmrs.api] In method ConceptService.updateConceptIndex. Arguments: Concept=6152, 
2011-11-25 00:46:13,387 INFO  [org.openmrs.api] Exiting method updateConceptIndex
2011-11-25 00:46:13,461 INFO  [org.openmrs.api] In method ConceptService.updateConceptIndex. Arguments: Concept=6153, 
2011-11-25 00:46:13,479 INFO  [org.openmrs.api] Exiting method updateConceptIndex
2011-11-25 00:46:13,526 INFO  [org.openmrs.api] In method ConceptService.updateConceptIndex. Arguments: Concept=6154, 
2011-11-25 00:46:13,552 INFO  [org.openmrs.api] Exiting method updateConceptIndex
2011-11-25 00:46:13,600 INFO  [org.openmrs.api] In method ConceptService.updateConceptIndex. Arguments: Concept=6155, 
2011-11-25 00:46:13,610 INFO  [org.openmrs.api] Exiting method updateConceptIndex
2011-11-25 00:46:13,659 INFO  [org.openmrs.api] In method ConceptService.updateConceptIndex. Arguments: Concept=6156, 
2011-11-25 00:46:13,683 INFO  [org.openmrs.api] Exiting method updateConceptIndex
2011-11-25 00:46:13,734 INFO  [org.openmrs.api] In method ConceptService.updateConceptIndex. Arguments: Concept=6157, 
2011-11-25 00:46:13,743 INFO  [org.openmrs.api] Exiting method updateConceptIndex
2011-11-25 00:46:13,802 INFO  [org.openmrs.api] In method ConceptService.updateConceptIndex. Arguments: Concept=6158, 
2011-11-25 00:46:13,818 INFO  [org.openmrs.api] Exiting method updateConceptIndex
2011-11-25 00:46:13,869 INFO  [org.openmrs.api] In method ConceptService.updateConceptIndex. Arguments: Concept=6159, 
2011-11-25 00:46:13,895 INFO  [org.openmrs.api] Exiting method updateConceptIndex
2011-11-25 00:46:13,943 INFO  [org.openmrs.api] In method ConceptService.updateConceptIndex. Arguments: Concept=6161, 
2011-11-25 00:46:13,954 INFO  [org.openmrs.api] Exiting method updateConceptIndex
2011-11-25 00:46:14,001 INFO  [org.openmrs.api] In method ConceptService.updateConceptIndex. Arguments: Concept=6162, 
2011-11-25 00:46:14,017 INFO  [org.openmrs.api] Exiting method updateConceptIndex
2011-11-25 00:46:14,069 INFO  [org.openmrs.api] In method ConceptService.updateConceptIndex. Arguments: Concept=6163, 
2011-11-25 00:46:14,099 INFO  [org.openmrs.api] Exiting method updateConceptIndex
2011-11-25 00:46:14,769 INFO  [org.openmrs.api] In method ConceptService.updateConceptIndex. Arguments: Concept=6164, 
2011-11-25 00:46:14,790 INFO  [org.openmrs.api] Exiting method updateConceptIndex
2011-11-25 00:46:15,265 WARN  [org.openmrs.scheduler.timer.TimerSchedulerTask] Unable to save the last execution time for task. Task.taskDefinition is null in class org.openmrs.scheduler.tasks.TaskThreadedInitializationWrapper
2011-11-25 00:46:15,966 WARN  [com.mchange.v2.c3p0.management.ActiveManagementCoordinator] A C3P0Registry mbean is already registered. This probably means that an application using c3p0 was undeployed, but not all PooledDataSources were closed prior to undeployment. This may lead to resource leaks over time. Please take care to close all PooledDataSources.
2011-11-25 00:46:17,069 WARN  [org.hibernate.cache.EhCacheProvider] Could not find configuration [org.openmrs.Person]; using defaults.
2011-11-25 00:46:17,771 WARN  [org.hibernate.cache.EhCacheProvider] Could not find configuration [org.openmrs.Role.privileges]; using defaults.
2011-11-25 00:46:17,772 WARN  [org.hibernate.cache.EhCacheProvider] Could not find configuration [org.openmrs.Role.inheritedRoles]; using defaults.
2011-11-25 00:46:20,495 INFO  [org.openmrs.api] In method AdministrationService.saveGlobalProperty. Arguments: GlobalProperty=property: logic.started value: true, 
2011-11-25 00:46:20,498 INFO  [org.openmrs.api] Exiting method saveGlobalProperty
2011-11-25 00:46:20,512 INFO  [org.openmrs.api] In method AdministrationService.saveGlobalProperty. Arguments: GlobalProperty=property: logic.mandatory value: false, 
2011-11-25 00:46:20,512 INFO  [org.openmrs.api] Exiting method saveGlobalProperty
2011-11-25 00:46:20,570 INFO  [org.openmrs.module.logic.LogicModuleActivator] Creating default directory structure for logic module ...
2011-11-25 00:46:20,596 INFO  [org.openmrs.api] In method SchedulerService.scheduleTask. Arguments: TaskDefinition=[TaskDefinition  id=2 name=Initialize Logic Rule Providers class=org.openmrs.logic.task.InitializeLogicRuleProvidersTask startTime=Fri Nov 25 00:46:50 IST 2011 repeatInterval=1999999999 secondsUntilNext=29], 
2011-11-25 00:46:20,602 INFO  [org.openmrs.scheduler.timer.TimerSchedulerServiceImpl] Starting task ... the task will execute for the first time at Fri Nov 25 00:46:50 IST 2011
2011-11-25 00:46:20,605 INFO  [org.openmrs.api] Exiting method scheduleTask
2011-11-25 00:46:20,715 INFO  [org.openmrs.api] In method AdministrationService.saveGlobalProperty. Arguments: GlobalProperty=property: idgen.started value: true, 
2011-11-25 00:46:20,715 INFO  [org.openmrs.api] Exiting method saveGlobalProperty
2011-11-25 00:46:20,722 INFO  [org.openmrs.api] In method AdministrationService.saveGlobalProperty. Arguments: GlobalProperty=property: idgen.mandatory value: false, 
2011-11-25 00:46:20,722 INFO  [org.openmrs.api] Exiting method saveGlobalProperty
2011-11-25 00:46:20,759 INFO  [org.openmrs.module.idgen.ModuleActivator] Starting idgen Module
2011-11-25 00:46:20,798 INFO  [org.openmrs.api] In method SchedulerService.onStartup. Arguments: 
2011-11-25 00:46:20,804 INFO  [org.openmrs.api] Exiting method onStartup
2011-11-25 00:46:20,811 WARN  [org.motechproject.openmrs.Context] loaded 2 modules
2011-11-25 00:46:37,293 ERROR [org.openmrs.scheduler.timer.TimerSchedulerTask] FATAL ERROR: Task [class org.openmrs.scheduler.tasks.TaskThreadedInitializationWrapper] failed due to exception [org.openmrs.api.APIException]
org.openmrs.api.APIException: Service not found: interface org.openmrs.logic.token.TokenService
	at org.openmrs.api.context.ServiceContext.getService(ServiceContext.java:703)
	at org.openmrs.api.context.Context.getService(Context.java:930)
	at org.openmrs.logic.task.InitializeLogicRuleProvidersTask.execute(InitializeLogicRuleProvidersTask.java:46)
	at org.openmrs.scheduler.tasks.TaskThreadedInitializationWrapper.execute(TaskThreadedInitializationWrapper.java:72)
	at org.openmrs.api.context.Daemon$2.run(Daemon.java:115)
