#
# A fatal error has been detected by the Java Runtime Environment:
#
#  SIGSEGV (0xb) at pc=0xb4a0afff, pid=5651, tid=3078437744
#
# JRE version: 6.0_22-b22
# Java VM: OpenJDK Server VM (20.0-b11 mixed mode linux-x86 )
# Derivative: IcedTea6 1.10.2
# Distribution: Ubuntu 11.04, package 6b22-1.10.2-0ubuntu1~11.04.1
# Problematic frame:
# J  org.hibernate.sql.SelectFragment.toFragmentString()Ljava/lang/String;
#
# If you would like to submit a bug report, please include
# instructions how to reproduce the bug and visit:
#   https://bugs.launchpad.net/ubuntu/+source/openjdk-6/
#

---------------  T H R E A D  ---------------

Current thread (0x09823400):  JavaThread "main" [_thread_in_Java, id=5652, stack(0xb7783000,0xb77d4000)]

siginfo:si_signo=SIGSEGV: si_errno=0, si_code=128 (), si_addr=0x00000000

Registers:
EAX=0xa767d6e8, EBX=0xa767d6c0, ECX=0xa767d738, EDX=0x00000014
ESP=0xb77d0110, EBP=0x09823400, ESI=0xa767d688, EDI=0xa767d4f8
EIP=0xb4a0afff, EFLAGS=0x00010286, CR2=0xb77e5680

Top of Stack: (sp=0xb77d0110)
0xb77d0110:   a57744d8 81a2a038 a767c8a8 a767d488
0xb77d0120:   09823400 a767d678 b77d0178 b4786047
0xb77d0130:   81a2a140 a5774670 00000000 b77d014c
0xb77d0140:   b77d017c b4786047 a767d6c0 81a2a140
0xb77d0150:   00000002 a767d4f8 b77d0158 b77d015c
0xb77d0160:   00000002 a767d4a8 7ae45050 00000000
0xb77d0170:   7ac53f48 00000000 b77d01b0 b4786047
0xb77d0180:   b4785ee1 a767c8a8 b4786047 a767d488 

Instructions: (pc=0xb4a0afff)
0xb4a0afdf:   8b 5c 24 10 8b 43 34 8b 4c 24 38 c7 41 24 00 00
0xb4a0afef:   00 00 8d 48 50 8b 5c 24 38 c7 43 18 00 00 40 3f
0xb4a0afff:   c7 43 14 0c 00 00 00 8b 6c 24 10 3b 4d 3c 0f 83
0xb4a0b00f:   3e 0c 00 00 89 4d 34 0f 18 81 c0 00 00 00 c7 00 

Register to memory mapping:

EAX=0xa767d6e8 is an unknown value
EBX=0xa767d6c0 is an oop
java.util.HashMap 
 - klass: 'java/util/HashMap'
ECX=0xa767d738 is an unknown value
EDX=0x00000014 is an unknown value
ESP=0xb77d0110 is pointing into the stack for thread: 0x09823400
EBP=0x09823400 is a thread
ESI=0xa767d688 is an oop
[C 
 - klass: {type array char}
 - length: 20
EDI=0xa767d4f8 is an oop
java.util.ArrayList 
 - klass: 'java/util/ArrayList'


Stack: [0xb7783000,0xb77d4000],  sp=0xb77d0110,  free space=308k
Native frames: (J=compiled Java code, j=interpreted, Vv=VM code, C=native code)
J  org.hibernate.sql.SelectFragment.toFragmentString()Ljava/lang/String;


---------------  P R O C E S S  ---------------

Java Threads: ( => current thread )
  0x0abc2000 JavaThread "net.sf.ehcache.CacheManager@3c33d3" daemon [_thread_blocked, id=5670, stack(0x76daf000,0x76e00000)]
  0x0a099000 JavaThread "com.mchange.v2.async.ThreadPoolAsynchronousRunner$PoolThread-#2" daemon [_thread_blocked, id=5669, stack(0x77d0d000,0x77d5e000)]
  0x0a670800 JavaThread "com.mchange.v2.async.ThreadPoolAsynchronousRunner$PoolThread-#1" daemon [_thread_blocked, id=5668, stack(0x77d5e000,0x77daf000)]
  0x0a67a400 JavaThread "com.mchange.v2.async.ThreadPoolAsynchronousRunner$PoolThread-#0" daemon [_thread_blocked, id=5667, stack(0x77daf000,0x77e00000)]
  0x0a760400 JavaThread "Timer-0" daemon [_thread_blocked, id=5666, stack(0x78341000,0x78392000)]
  0x098e8c00 JavaThread "Low Memory Detector" daemon [_thread_blocked, id=5663, stack(0x787c7000,0x78818000)]
  0x098e6c00 JavaThread "C2 CompilerThread1" daemon [_thread_in_native, id=5662, stack(0x78818000,0x78899000)]
  0x098e4400 JavaThread "C2 CompilerThread0" daemon [_thread_in_native, id=5661, stack(0x78899000,0x7891a000)]
  0x098e3000 JavaThread "Signal Dispatcher" daemon [_thread_blocked, id=5660, stack(0x7891a000,0x7896b000)]
  0x098d3800 JavaThread "Finalizer" daemon [_thread_blocked, id=5659, stack(0x78f40000,0x78f91000)]
  0x098cec00 JavaThread "Reference Handler" daemon [_thread_blocked, id=5658, stack(0x78b6b000,0x78bbc000)]
=>0x09823400 JavaThread "main" [_thread_in_Java, id=5652, stack(0xb7783000,0xb77d4000)]

Other Threads:
  0x098cb000 VMThread [stack: 0x78bbc000,0x78c3d000] [id=5657]
  0x098ea800 WatcherThread [stack: 0x78746000,0x787c7000] [id=5664]

VM state:not at safepoint (normal execution)

VM Mutex/Monitor currently owned by a thread: None

Heap
 PSYoungGen      total 85760K, used 70023K [0xa3620000, 0xabe60000, 0xb46c0000)
  eden space 81408K, 81% used [0xa3620000,0xa771d610,0xa85a0000)
  from space 4352K, 79% used [0xa85a0000,0xa8904940,0xa89e0000)
  to   space 4608K, 0% used [0xab9e0000,0xab9e0000,0xabe60000)
 PSOldGen        total 34880K, used 7405K [0x814c0000, 0x836d0000, 0xa3620000)
  object space 34880K, 21% used [0x814c0000,0x81bfb410,0x836d0000)
 PSPermGen       total 26496K, used 26449K [0x794c0000, 0x7aea0000, 0x814c0000)
  object space 26496K, 99% used [0x794c0000,0x7ae94618,0x7aea0000)

Code Cache  [0xb4783000, 0xb4a1b000, 0xb7783000)
 total_blobs=818 nmethods=656 adapters=115 free_code_cache=47685824 largest_free_block=16320

Dynamic libraries:
00110000-0026a000 r-xp 00000000 08:02 1180481    /lib/i386-linux-gnu/libc-2.13.so
0026a000-0026b000 ---p 0015a000 08:02 1180481    /lib/i386-linux-gnu/libc-2.13.so
0026b000-0026d000 r--p 0015a000 08:02 1180481    /lib/i386-linux-gnu/libc-2.13.so
0026d000-0026e000 rw-p 0015c000 08:02 1180481    /lib/i386-linux-gnu/libc-2.13.so
0026e000-00271000 rw-p 00000000 00:00 0 
00271000-00295000 r-xp 00000000 08:02 1180518    /lib/i386-linux-gnu/libm-2.13.so
00295000-00296000 r--p 00023000 08:02 1180518    /lib/i386-linux-gnu/libm-2.13.so
00296000-00297000 rw-p 00024000 08:02 1180518    /lib/i386-linux-gnu/libm-2.13.so
0029b000-0029c000 r-xp 00000000 00:00 0          [vdso]
0029c000-002af000 r-xp 00000000 08:02 1180521    /lib/i386-linux-gnu/libnsl-2.13.so
002af000-002b0000 r--p 00012000 08:02 1180521    /lib/i386-linux-gnu/libnsl-2.13.so
002b0000-002b1000 rw-p 00013000 08:02 1180521    /lib/i386-linux-gnu/libnsl-2.13.so
002b1000-002b3000 rw-p 00000000 00:00 0 
002b3000-002b9000 r-xp 00000000 08:02 672025     /usr/lib/jvm/java-6-openjdk/jre/lib/i386/libmanagement.so
002b9000-002ba000 r--p 00005000 08:02 672025     /usr/lib/jvm/java-6-openjdk/jre/lib/i386/libmanagement.so
002ba000-002bb000 rw-p 00006000 08:02 672025     /usr/lib/jvm/java-6-openjdk/jre/lib/i386/libmanagement.so
002c5000-002ce000 r-xp 00000000 08:02 1180531    /lib/i386-linux-gnu/libnss_nis-2.13.so
002ce000-002cf000 r--p 00008000 08:02 1180531    /lib/i386-linux-gnu/libnss_nis-2.13.so
002cf000-002d0000 rw-p 00009000 08:02 1180531    /lib/i386-linux-gnu/libnss_nis-2.13.so
0032d000-0040c000 r-xp 00000000 08:02 661865     /usr/lib/i386-linux-gnu/libstdc++.so.6.0.14
0040c000-00410000 r--p 000de000 08:02 661865     /usr/lib/i386-linux-gnu/libstdc++.so.6.0.14
00410000-00411000 rw-p 000e2000 08:02 661865     /usr/lib/i386-linux-gnu/libstdc++.so.6.0.14
00411000-00418000 rw-p 00000000 00:00 0 
0046b000-00487000 r-xp 00000000 08:02 1180468    /lib/i386-linux-gnu/ld-2.13.so
00487000-00488000 r--p 0001b000 08:02 1180468    /lib/i386-linux-gnu/ld-2.13.so
00488000-00489000 rw-p 0001c000 08:02 1180468    /lib/i386-linux-gnu/ld-2.13.so
0055e000-00565000 r-xp 00000000 08:02 1180550    /lib/i386-linux-gnu/librt-2.13.so
00565000-00566000 r--p 00006000 08:02 1180550    /lib/i386-linux-gnu/librt-2.13.so
00566000-00567000 rw-p 00007000 08:02 1180550    /lib/i386-linux-gnu/librt-2.13.so
005ec000-005ff000 r-xp 00000000 08:02 672030     /usr/lib/jvm/java-6-openjdk/jre/lib/i386/libnet.so
005ff000-00600000 r--p 00013000 08:02 672030     /usr/lib/jvm/java-6-openjdk/jre/lib/i386/libnet.so
00600000-00601000 rw-p 00014000 08:02 672030     /usr/lib/jvm/java-6-openjdk/jre/lib/i386/libnet.so
00688000-00693000 r-xp 00000000 08:02 672022     /usr/lib/jvm/java-6-openjdk/jre/lib/i386/libverify.so
00693000-00694000 ---p 0000b000 08:02 672022     /usr/lib/jvm/java-6-openjdk/jre/lib/i386/libverify.so
00694000-00695000 r--p 0000b000 08:02 672022     /usr/lib/jvm/java-6-openjdk/jre/lib/i386/libverify.so
00695000-00696000 rw-p 0000c000 08:02 672022     /usr/lib/jvm/java-6-openjdk/jre/lib/i386/libverify.so
0082c000-0082e000 r-xp 00000000 08:02 1180491    /lib/i386-linux-gnu/libdl-2.13.so
0082e000-0082f000 r--p 00001000 08:02 1180491    /lib/i386-linux-gnu/libdl-2.13.so
0082f000-00830000 rw-p 00002000 08:02 1180491    /lib/i386-linux-gnu/libdl-2.13.so
00837000-0083d000 r-xp 00000000 08:02 1180523    /lib/i386-linux-gnu/libnss_compat-2.13.so
0083d000-0083e000 r--p 00005000 08:02 1180523    /lib/i386-linux-gnu/libnss_compat-2.13.so
0083e000-0083f000 rw-p 00006000 08:02 1180523    /lib/i386-linux-gnu/libnss_compat-2.13.so
0091c000-00922000 r-xp 00000000 08:02 671999     /usr/lib/jvm/java-6-openjdk/jre/lib/i386/libzip.so
00922000-00923000 r--p 00005000 08:02 671999     /usr/lib/jvm/java-6-openjdk/jre/lib/i386/libzip.so
00923000-00924000 rw-p 00006000 08:02 671999     /usr/lib/jvm/java-6-openjdk/jre/lib/i386/libzip.so
009a4000-009ae000 r-xp 00000000 08:02 1180527    /lib/i386-linux-gnu/libnss_files-2.13.so
009ae000-009af000 r--p 00009000 08:02 1180527    /lib/i386-linux-gnu/libnss_files-2.13.so
009af000-009b0000 rw-p 0000a000 08:02 1180527    /lib/i386-linux-gnu/libnss_files-2.13.so
00acf000-00ae4000 r-xp 00000000 08:02 1180546    /lib/i386-linux-gnu/libpthread-2.13.so
00ae4000-00ae5000 r--p 00015000 08:02 1180546    /lib/i386-linux-gnu/libpthread-2.13.so
00ae5000-00ae6000 rw-p 00016000 08:02 1180546    /lib/i386-linux-gnu/libpthread-2.13.so
00ae6000-00ae8000 rw-p 00000000 00:00 0 
00c89000-00ca3000 r-xp 00000000 08:02 1180509    /lib/i386-linux-gnu/libgcc_s.so.1
00ca3000-00ca4000 r--p 00019000 08:02 1180509    /lib/i386-linux-gnu/libgcc_s.so.1
00ca4000-00ca5000 rw-p 0001a000 08:02 1180509    /lib/i386-linux-gnu/libgcc_s.so.1
00cfd000-00d20000 r-xp 00000000 08:02 671994     /usr/lib/jvm/java-6-openjdk/jre/lib/i386/libjava.so
00d20000-00d21000 r--p 00022000 08:02 671994     /usr/lib/jvm/java-6-openjdk/jre/lib/i386/libjava.so
00d21000-00d23000 rw-p 00023000 08:02 671994     /usr/lib/jvm/java-6-openjdk/jre/lib/i386/libjava.so
00f87000-00f9a000 r-xp 00000000 08:02 1180564    /lib/i386-linux-gnu/libz.so.1.2.3.4
00f9a000-00f9b000 r--p 00012000 08:02 1180564    /lib/i386-linux-gnu/libz.so.1.2.3.4
00f9b000-00f9c000 rw-p 00013000 08:02 1180564    /lib/i386-linux-gnu/libz.so.1.2.3.4
00fbd000-00fc0000 r-xp 00000000 08:02 672003     /usr/lib/jvm/java-6-openjdk/jre/lib/i386/jli/libjli.so
00fc0000-00fc1000 r--p 00002000 08:02 672003     /usr/lib/jvm/java-6-openjdk/jre/lib/i386/jli/libjli.so
00fc1000-00fc2000 rw-p 00003000 08:02 672003     /usr/lib/jvm/java-6-openjdk/jre/lib/i386/jli/libjli.so
00fc2000-01688000 r-xp 00000000 08:02 672013     /usr/lib/jvm/java-6-openjdk/jre/lib/i386/server/libjvm.so
01688000-01689000 ---p 006c6000 08:02 672013     /usr/lib/jvm/java-6-openjdk/jre/lib/i386/server/libjvm.so
01689000-016ce000 r--p 006c6000 08:02 672013     /usr/lib/jvm/java-6-openjdk/jre/lib/i386/server/libjvm.so
016ce000-016dd000 rw-p 0070b000 08:02 672013     /usr/lib/jvm/java-6-openjdk/jre/lib/i386/server/libjvm.so
016dd000-01af7000 rw-p 00000000 00:00 0 
08048000-08051000 r-xp 00000000 08:02 671963     /usr/lib/jvm/java-6-openjdk/jre/bin/java
08051000-08052000 r--p 00008000 08:02 671963     /usr/lib/jvm/java-6-openjdk/jre/bin/java
08052000-08053000 rw-p 00009000 08:02 671963     /usr/lib/jvm/java-6-openjdk/jre/bin/java
0981c000-0bea1000 rw-p 00000000 00:00 0          [heap]
73800000-738eb000 rw-p 00000000 00:00 0 
738eb000-73900000 ---p 00000000 00:00 0 
73900000-739f9000 rw-p 00000000 00:00 0 
739f9000-73a00000 ---p 00000000 00:00 0 
73a00000-73aff000 rw-p 00000000 00:00 0 
73aff000-73b00000 ---p 00000000 00:00 0 
73b00000-73bf2000 rw-p 00000000 00:00 0 
73bf2000-73c00000 ---p 00000000 00:00 0 
73c00000-73cf9000 rw-p 00000000 00:00 0 
73cf9000-73d00000 ---p 00000000 00:00 0 
73d00000-73dff000 rw-p 00000000 00:00 0 
73dff000-73e00000 ---p 00000000 00:00 0 
73e00000-73ef0000 rw-p 00000000 00:00 0 
73ef0000-73f00000 ---p 00000000 00:00 0 
74000000-740fc000 rw-p 00000000 00:00 0 
740fc000-74100000 ---p 00000000 00:00 0 
74100000-74200000 rw-p 00000000 00:00 0 
74200000-742fe000 rw-p 00000000 00:00 0 
742fe000-74300000 ---p 00000000 00:00 0 
74300000-743f9000 rw-p 00000000 00:00 0 
743f9000-74400000 ---p 00000000 00:00 0 
74400000-744f2000 rw-p 00000000 00:00 0 
744f2000-74500000 ---p 00000000 00:00 0 
74500000-745e2000 rw-p 00000000 00:00 0 
745e2000-74600000 ---p 00000000 00:00 0 
74600000-746f0000 rw-p 00000000 00:00 0 
746f0000-74700000 ---p 00000000 00:00 0 
74700000-747db000 rw-p 00000000 00:00 0 
747db000-74800000 ---p 00000000 00:00 0 
74800000-748f8000 rw-p 00000000 00:00 0 
748f8000-74900000 ---p 00000000 00:00 0 
74900000-74a00000 rw-p 00000000 00:00 0 
74a00000-74aff000 rw-p 00000000 00:00 0 
74aff000-74b00000 ---p 00000000 00:00 0 
74b00000-74bea000 rw-p 00000000 00:00 0 
74bea000-74c00000 ---p 00000000 00:00 0 
74c00000-74cfd000 rw-p 00000000 00:00 0 
74cfd000-74d00000 ---p 00000000 00:00 0 
74d00000-74de8000 rw-p 00000000 00:00 0 
74de8000-74e00000 ---p 00000000 00:00 0 
74e00000-74f00000 rw-p 00000000 00:00 0 
74f00000-74ffb000 rw-p 00000000 00:00 0 
74ffb000-75000000 ---p 00000000 00:00 0 
75000000-750f8000 rw-p 00000000 00:00 0 
750f8000-75100000 ---p 00000000 00:00 0 
75100000-751fc000 rw-p 00000000 00:00 0 
751fc000-75200000 ---p 00000000 00:00 0 
75200000-753f2000 rw-p 00000000 00:00 0 
753f2000-75400000 ---p 00000000 00:00 0 
75400000-755f5000 rw-p 00000000 00:00 0 
755f5000-75600000 ---p 00000000 00:00 0 
75600000-75800000 rw-p 00000000 00:00 0 
75800000-75a00000 rw-p 00000000 00:00 0 
75a00000-75c00000 rw-p 00000000 00:00 0 
75c00000-75e00000 rw-p 00000000 00:00 0 
75e00000-76000000 rw-p 00000000 00:00 0 
76000000-76100000 rw-p 00000000 00:00 0 
76200000-762fc000 rw-p 00000000 00:00 0 
762fc000-76300000 ---p 00000000 00:00 0 
76300000-763f2000 rw-p 00000000 00:00 0 
763f2000-76400000 ---p 00000000 00:00 0 
76400000-76600000 rw-p 00000000 00:00 0 
76600000-76800000 rw-p 00000000 00:00 0 
76800000-76a00000 rw-p 00000000 00:00 0 
76a00000-76b00000 rw-p 00000000 00:00 0 
76c00000-76cfd000 rw-p 00000000 00:00 0 
76cfd000-76d00000 ---p 00000000 00:00 0 
76daf000-76db2000 ---p 00000000 00:00 0 
76db2000-76e00000 rw-p 00000000 00:00 0 
76e00000-76f00000 rw-p 00000000 00:00 0 
76f00000-76fff000 rw-p 00000000 00:00 0 
76fff000-77000000 ---p 00000000 00:00 0 
77000000-77200000 rw-p 00000000 00:00 0 
77200000-77400000 rw-p 00000000 00:00 0 
77400000-774fe000 rw-p 00000000 00:00 0 
774fe000-77500000 ---p 00000000 00:00 0 
77500000-775fe000 rw-p 00000000 00:00 0 
775fe000-77600000 ---p 00000000 00:00 0 
77600000-776fa000 rw-p 00000000 00:00 0 
776fa000-77700000 ---p 00000000 00:00 0 
77700000-777fa000 rw-p 00000000 00:00 0 
777fa000-77800000 ---p 00000000 00:00 0 
77800000-778f0000 rw-p 00000000 00:00 0 
778f0000-77900000 ---p 00000000 00:00 0 
77900000-779e5000 rw-p 00000000 00:00 0 
779e5000-77a00000 ---p 00000000 00:00 0 
77a00000-77c00000 rw-p 00000000 00:00 0 
77c00000-77cfa000 rw-p 00000000 00:00 0 
77cfa000-77d00000 ---p 00000000 00:00 0 
77d0d000-77d10000 ---p 00000000 00:00 0 
77d10000-77d5e000 rw-p 00000000 00:00 0 
77d5e000-77d61000 ---p 00000000 00:00 0 
77d61000-77daf000 rw-p 00000000 00:00 0 
77daf000-77db2000 ---p 00000000 00:00 0 
77db2000-77e00000 rw-p 00000000 00:00 0 
77e00000-77efe000 rw-p 00000000 00:00 0 
77efe000-77f00000 ---p 00000000 00:00 0 
77f00000-77fff000 rw-p 00000000 00:00 0 
77fff000-78000000 ---p 00000000 00:00 0 
78000000-780ff000 rw-p 00000000 00:00 0 
780ff000-78100000 ---p 00000000 00:00 0 
78100000-781f9000 rw-p 00000000 00:00 0 
781f9000-78200000 ---p 00000000 00:00 0 
78200000-782fd000 rw-p 00000000 00:00 0 
782fd000-78300000 ---p 00000000 00:00 0 
78341000-78344000 ---p 00000000 00:00 0 
78344000-78392000 rw-p 00000000 00:00 0 
78392000-78394000 r--s 00007000 08:05 1055495    /home/geet/.m2/repository/org/apache/maven/surefire/surefire-junit4/2.9/surefire-junit4-2.9.jar
78394000-7839b000 r--s 00040000 08:05 1056182    /home/geet/.m2/repository/org/hibernate/hibernate-validator/4.1.0.Final/hibernate-validator-4.1.0.Final.jar
7839b000-7839d000 r--s 00008000 08:05 1056133    /home/geet/.m2/repository/org/hibernate/hibernate-validator-annotation-processor/4.1.0.Final/hibernate-validator-annotation-processor-4.1.0.Final.jar
7839d000-783a0000 r--s 00009000 08:05 413409     /home/geet/.m2/repository/javax/validation/validation-api/1.0.0.GA/validation-api-1.0.0.GA.jar
783a0000-783a2000 r--s 00006000 08:05 414608     /home/geet/.m2/repository/javax/servlet/jsp/jstl/jstl-api/1.2/jstl-api-1.2.jar
783a2000-783a5000 r--s 00016000 08:05 413928     /home/geet/.m2/repository/javax/servlet/jsp/jsp-api/2.1/jsp-api-2.1.jar
783a5000-783a7000 r--s 00018000 08:05 413328     /home/geet/.m2/repository/javax/servlet/servlet-api/2.5/servlet-api-2.5.jar
783a7000-783b0000 r--s 00057000 08:05 288904     /home/geet/.m2/repository/org/glassfish/web/jstl-impl/1.2/jstl-impl-1.2.jar
783b0000-783b7000 r--s 0007b000 08:05 288901     /home/geet/.m2/repository/org/glassfish/web/jsp-impl/2.2/jsp-impl-2.2.jar
783b7000-783b9000 r--s 00009000 08:05 1056191    /home/geet/.m2/repository/org/hamcrest/hamcrest-core/1.3.RC2/hamcrest-core-1.3.RC2.jar
783b9000-783bd000 r--s 00025000 08:05 925420     /home/geet/.m2/repository/net/sourceforge/me4se/me4se/2.1.4-SNAPSHOT-20040926/me4se-2.1.4-SNAPSHOT-20040926.jar
783bd000-783c1000 r--s 00020000 08:05 1056101    /home/geet/.m2/repository/commons-digester/commons-digester/1.8/commons-digester-1.8.jar
783c1000-783c6000 r--s 00026000 08:05 1056102    /home/geet/.m2/repository/org/jasypt/jasypt/1.7/jasypt-1.7.jar
783c6000-783c7000 r--s 0000b000 08:05 535885     /home/geet/.m2/repository/com/jcraft/jzlib/1.0.7/jzlib-1.0.7.jar
783c7000-783e4000 r--s 0013e000 08:05 925735     /home/geet/.m2/repository/org/mockito/mockito-all/1.8.5/mockito-all-1.8.5.jar
783e4000-783e8000 r--s 00027000 08:05 535798     /home/geet/.m2/repository/com/google/code/gson/gson/1.7.1/gson-1.7.1.jar
783e8000-783ea000 r--s 00009000 08:05 927073     /home/geet/.m2/repository/org/motechproject/motech-platform-common/0.3-SNAPSHOT/motech-platform-common-0.3-SNAPSHOT.jar
783ea000-783ec000 r--s 00001000 08:05 535813     /home/geet/.m2/repository/org/ektorp/org.ektorp.spring/1.1.1/org.ektorp.spring-1.1.1.jar
783ec000-783ee000 r--s 0000d000 08:05 794704     /home/geet/.m2/repository/commons-codec/commons-codec/1.4/commons-codec-1.4.jar
783ee000-783f3000 r--s 00028000 08:05 287794     /home/geet/.m2/repository/org/apache/httpcomponents/httpcore/4.1.2/httpcore-4.1.2.jar
783f3000-783fb000 r--s 0004e000 08:05 287782     /home/geet/.m2/repository/org/apache/httpcomponents/httpclient/4.1.2/httpclient-4.1.2.jar
783fb000-78407000 r--s 0008d000 08:05 925742     /home/geet/.m2/repository/org/codehaus/jackson/jackson-mapper-asl/1.7.3/jackson-mapper-asl-1.7.3.jar
78407000-7840b000 r--s 0002f000 08:05 925736     /home/geet/.m2/repository/org/codehaus/jackson/jackson-core-asl/1.7.3/jackson-core-asl-1.7.3.jar
7840b000-7840f000 r--s 0002b000 08:05 535792     /home/geet/.m2/repository/org/ektorp/org.ektorp/1.1.1/org.ektorp-1.1.1.jar
7840f000-78416000 r--s 00035000 08:05 535895     /home/geet/.m2/repository/org/springframework/security/spring-security-web/3.0.5.RELEASE/spring-security-web-3.0.5.RELEASE.jar
78416000-78419000 r--s 0002b000 08:05 535888     /home/geet/.m2/repository/org/springframework/security/spring-security-config/3.0.5.RELEASE/spring-security-config-3.0.5.RELEASE.jar
78419000-78422000 r--s 0005e000 08:05 535903     /home/geet/.m2/repository/org/springframework/spring-webmvc/3.0.5.RELEASE/spring-webmvc-3.0.5.RELEASE.jar
78422000-78440000 r--s 0027d000 08:05 413439     /home/geet/.m2/repository/xalan/xalan/2.7.0/xalan-2.7.0.jar
78440000-78443000 r--s 00023000 08:05 413412     /home/geet/.m2/repository/org/jdom/jdom/1.1/jdom-1.1.jar
78443000-78449000 r--s 00034000 08:05 794710     /home/geet/.m2/repository/junit/junit/4.8.1/junit-4.8.1.jar
78449000-7844b000 r--s 00006000 08:05 287789     /home/geet/.m2/repository/commons-cli/commons-cli/1.0/commons-cli-1.0.jar
7844b000-7844c000 r--s 00001000 08:05 1056152    /home/geet/.m2/repository/org/openxdata/protocol-api/1.2/protocol-api-1.2.jar
7844c000-78453000 r--s 000b5000 08:05 1056139    /home/geet/.m2/repository/mysql/mysql-connector-java/5.1.13/mysql-connector-java-5.1.13.jar
78453000-7845d000 r--s 00057000 08:05 535906     /home/geet/.m2/repository/org/springframework/spring-web/3.0.5.RELEASE/spring-web-3.0.5.RELEASE.jar
7845d000-78463000 r--s 0002d000 08:05 535822     /home/geet/.m2/repository/org/springframework/spring-test/3.0.5.RELEASE/spring-test-3.0.5.RELEASE.jar
78463000-78466000 r--s 00016000 08:05 535900     /home/geet/.m2/repository/org/springframework/spring-context-support/3.0.5.RELEASE/spring-context-support-3.0.5.RELEASE.jar
78466000-78468000 r--s 00007000 08:05 413448     /home/geet/.m2/repository/org/springframework/spring-aspects/3.0.5.RELEASE/spring-aspects-3.0.5.RELEASE.jar
78468000-7846a000 r--s 0000d000 08:05 535918     /home/geet/.m2/repository/org/springframework/spring-oxm/3.0.5.RELEASE/spring-oxm-3.0.5.RELEASE.jar
7846a000-7846c000 r--s 0000d000 08:05 1056151    /home/geet/.m2/repository/xml-resolver/xml-resolver/1.1/xml-resolver-1.1.jar
7846c000-78476000 r--s 00097000 08:05 794698     /home/geet/.m2/repository/org/openmrs/liquibase/liquibase-core/1.9.4-mod/liquibase-core-1.9.4-mod.jar
78476000-78481000 r--s 0005f000 08:05 794669     /home/geet/.m2/repository/com/thoughtworks/xstream/xstream/1.3.1/xstream-1.3.1.jar
78481000-78482000 r--s 00002000 08:05 925745     /home/geet/.m2/repository/org/slf4j/slf4j-log4j12/1.6.1/slf4j-log4j12-1.6.1.jar
78482000-78484000 r--s 00003000 08:05 925732     /home/geet/.m2/repository/org/slf4j/jcl-over-slf4j/1.6.1/jcl-over-slf4j-1.6.1.jar
78484000-78486000 r--s 00005000 08:05 925739     /home/geet/.m2/repository/org/slf4j/slf4j-api/1.6.1/slf4j-api-1.6.1.jar
78486000-78493000 r--s 00092000 08:05 664532     /home/geet/.m2/repository/net/sf/ehcache/ehcache-core/2.2.0/ehcache-core-2.2.0.jar
78493000-7849e000 r--s 0008a000 08:05 1056141    /home/geet/.m2/repository/c3p0/c3p0/0.9.1/c3p0-0.9.1.jar
7849e000-784a6000 r--s 00028000 08:05 535958     /home/geet/.m2/repository/xml-apis/xml-apis/1.3.03/xml-apis-1.3.03.jar
784a6000-784ab000 r--s 00048000 08:05 1056140    /home/geet/.m2/repository/dom4j/dom4j/1.6.1/dom4j-1.6.1.jar
784ab000-784ad000 r--s 00001000 08:05 413434     /home/geet/.m2/repository/javax/transaction/jta/1.0.1B/jta-1.0.1B.jar
784ad000-784ce000 r--s 00207000 08:05 664547     /home/geet/.m2/repository/org/openmrs/hibernate/hibernate/3.2.5.ga-mod/hibernate-3.2.5.ga-mod.jar
784ce000-784d1000 r--s 00029000 08:05 1056194    /home/geet/.m2/repository/stax/stax/1.2.0/stax-1.2.0.jar
784d1000-784d3000 r--s 00005000 08:05 1056160    /home/geet/.m2/repository/stax/stax-api/1.0.1/stax-api-1.0.1.jar
784d3000-784d9000 r--s 00028000 08:05 664529     /home/geet/.m2/repository/org/openmrs/simpleframework/simple-xml/1.6.1-mod/simple-xml-1.6.1-mod.jar
784d9000-784eb000 r--s 000c9000 08:05 413430     /home/geet/.m2/repository/xerces/xercesImpl/2.4.0/xercesImpl-2.4.0.jar
784eb000-7855a000 r--s 00494000 08:05 287788     /home/geet/.m2/repository/ca/uhn/hapi/hapi/0.5/hapi-0.5.jar
7855a000-7855b000 r--s 00008000 08:05 1056218    /home/geet/.m2/repository/asm/asm-util/2.2.3/asm-util-2.2.3.jar
7855b000-7855c000 r--s 00008000 08:05 1056206    /home/geet/.m2/repository/asm/asm/2.2.3/asm-2.2.3.jar
7855c000-7855d000 r--s 00003000 08:05 1056183    /home/geet/.m2/repository/asm/asm-tree/2.2.3/asm-tree-2.2.3.jar
7855d000-7855e000 r--s 00003000 08:05 1056136    /home/geet/.m2/repository/asm/asm-commons/2.2.3/asm-commons-2.2.3.jar
7855e000-78564000 r--s 00067000 08:05 925380     /home/geet/.m2/repository/antlr/antlr/2.7.6/antlr-2.7.6.jar
78564000-78567000 r--s 00027000 08:05 1056195    /home/geet/.m2/repository/org/antlr/stringtemplate/3.2/stringtemplate-3.2.jar
78567000-7856b000 r--s 00022000 08:05 1056166    /home/geet/.m2/repository/org/antlr/antlr-runtime/3.2/antlr-runtime-3.2.jar
7856b000-78575000 r--s 00055000 08:05 535915     /home/geet/.m2/repository/org/springframework/spring-jdbc/3.0.5.RELEASE/spring-jdbc-3.0.5.RELEASE.jar
78575000-7857d000 r--s 0004a000 08:05 535912     /home/geet/.m2/repository/org/springframework/spring-orm/3.0.5.RELEASE/spring-orm-3.0.5.RELEASE.jar
7857d000-78582000 r--s 00041000 08:05 413460     /home/geet/.m2/repository/commons-lang/commons-lang/2.6/commons-lang-2.6.jar
78582000-7858a000 r--s 0005f000 08:05 413415     /home/geet/.m2/repository/org/apache/velocity/velocity/1.6.2/velocity-1.6.2.jar
7858a000-78593000 r--s 00062000 08:05 1056113    /home/geet/.m2/repository/org/azeckoski/reflectutils/0.9.14/reflectutils-0.9.14.jar
78593000-78596000 r--s 00024000 08:05 287761     /home/geet/.m2/repository/commons-io/commons-io/2.0.1/commons-io-2.0.1.jar
78596000-7859b000 r--s 0002a000 08:05 664550     /home/geet/.m2/repository/commons-beanutils/commons-beanutils/1.7.0/commons-beanutils-1.7.0.jar
7859b000-785a8000 r--s 0007f000 08:05 664419     /home/geet/.m2/repository/commons-collections/commons-collections/3.2/commons-collections-3.2.jar
785a8000-785ba000 r--s 0015a000 08:05 664541     /home/geet/.m2/repository/org/openmrs/api/openmrs-api/1.8.2/openmrs-api-1.8.2.jar
785ba000-785c0000 r--s 00049000 08:05 664480     /home/geet/.m2/repository/cglib/cglib-nodep/2.2/cglib-nodep-2.2.jar
785c0000-785c2000 r--s 00007000 08:05 664542     /home/geet/.m2/repository/org/objenesis/objenesis/1.2/objenesis-1.2.jar
785c2000-785c9000 r--s 0007e000 08:05 535797     /home/geet/.m2/repository/org/hamcrest/hamcrest-all/1.1/hamcrest-all-1.1.jar
785c9000-785cd000 r--s 00017000 08:05 535799     /home/geet/.m2/repository/com/googlecode/lambdaj/lambdaj/2.2/lambdaj-2.2.jar
785cd000-785dc000 r--s 0007c000 08:05 535794     /home/geet/.m2/repository/joda-time/joda-time/2.0/joda-time-2.0.jar
785dc000-785e5000 r--s 0006d000 08:05 287764     /home/geet/.m2/repository/log4j/log4j/1.2.16/log4j-1.2.16.jar
785e5000-785fb000 r--s 00181000 08:05 535793     /home/geet/.m2/repository/org/aspectj/aspectjweaver/1.6.9/aspectjweaver-1.6.9.jar
785fb000-78600000 r--s 00018000 08:05 413421     /home/geet/.m2/repository/org/aspectj/aspectjrt/1.6.8/aspectjrt-1.6.8.jar
78600000-786ee000 rw-p 00000000 00:00 0 
786ee000-78700000 ---p 00000000 00:00 0 
78701000-78708000 r--s 00032000 08:05 535909     /home/geet/.m2/repository/org/springframework/spring-tx/3.0.3.RELEASE/spring-tx-3.0.3.RELEASE.jar
78708000-78714000 r--s 0007c000 08:05 413327     /home/geet/.m2/repository/org/springframework/spring-beans/3.0.5.RELEASE/spring-beans-3.0.5.RELEASE.jar
78714000-78716000 r--s 00000000 08:05 413336     /home/geet/.m2/repository/aopalliance/aopalliance/1.0/aopalliance-1.0.jar
78716000-7871f000 r--s 00046000 08:05 413345     /home/geet/.m2/repository/org/springframework/spring-aop/3.0.5.RELEASE/spring-aop-3.0.5.RELEASE.jar
7871f000-78731000 r--s 00092000 08:05 413348     /home/geet/.m2/repository/org/springframework/spring-context/3.0.5.RELEASE/spring-context-3.0.5.RELEASE.jar
78731000-78733000 r--s 00008000 08:05 287785     /home/geet/.m2/repository/commons-logging/commons-logging/1.0.4/commons-logging-1.0.4.jar
78733000-7873c000 r--s 00055000 08:05 413339     /home/geet/.m2/repository/org/springframework/spring-core/3.0.5.RELEASE/spring-core-3.0.5.RELEASE.jar
7873c000-78746000 r--s 00042000 08:05 535876     /home/geet/.m2/repository/org/springframework/security/spring-security-core/3.0.5.RELEASE/spring-security-core-3.0.5.RELEASE.jar
78746000-78747000 ---p 00000000 00:00 0 
78747000-787c7000 rw-p 00000000 00:00 0 
787c7000-787ca000 ---p 00000000 00:00 0 
787ca000-78818000 rw-p 00000000 00:00 0 
78818000-7881b000 ---p 00000000 00:00 0 
7881b000-78899000 rw-p 00000000 00:00 0 
78899000-7889c000 ---p 00000000 00:00 0 
7889c000-7891a000 rw-p 00000000 00:00 0 
7891a000-7891d000 ---p 00000000 00:00 0 
7891d000-7896b000 rw-p 00000000 00:00 0 
7896b000-78b6b000 r--p 00000000 08:02 663603     /usr/lib/locale/locale-archive
78b6b000-78b6e000 ---p 00000000 00:00 0 
78b6e000-78bbc000 rw-p 00000000 00:00 0 
78bbc000-78bbd000 ---p 00000000 00:00 0 
78bbd000-78c70000 rw-p 00000000 00:00 0 
78c70000-78e00000 r--s 037af000 08:02 672035     /usr/lib/jvm/java-6-openjdk/jre/lib/rt.jar
78e00000-78efb000 rw-p 00000000 00:00 0 
78efb000-78f00000 ---p 00000000 00:00 0 
78f01000-78f05000 r--s 00026000 08:05 413351     /home/geet/.m2/repository/org/springframework/spring-expression/3.0.5.RELEASE/spring-expression-3.0.5.RELEASE.jar
78f05000-78f07000 r--s 00515000 08:05 1057625    /home/geet/.m2/repository/org/motechproject/motech-openmrs-api/0.3-SNAPSHOT/motech-openmrs-api-0.3-SNAPSHOT.jar
78f07000-78f09000 r--s 0000e000 08:05 413433     /home/geet/.m2/repository/javax/activation/activation/1.1/activation-1.1.jar
78f09000-78f10000 r--s 0006a000 08:05 414992     /home/geet/.m2/repository/javax/mail/mail/1.4.3/mail-1.4.3.jar
78f10000-78f13000 r--s 0001d000 08:05 926872     /home/geet/.m2/repository/org/mortbay/jetty/jetty-util/6.1.4/jetty-util-6.1.4.jar
78f13000-78f15000 r--s 0000b000 08:05 926869     /home/geet/.m2/repository/org/mortbay/jetty/cometd/6.1.4/cometd-6.1.4.jar
78f15000-78f24000 r--s 000d6000 08:05 288911     /home/geet/.m2/repository/org/directwebremoting/dwr/3.0.M1/dwr-3.0.M1.jar
78f24000-78f2e000 r--s 000a3000 08:05 142531     /home/geet/.m2/repository/openmrs/web-openmrs-api/1.5.0/web-openmrs-api-1.5.0.jar
78f2e000-78f30000 r--s 0000c000 08:05 665077     /home/geet/.m2/repository/org/openmrs/module/idgen-core/1.5.1/idgen-core-1.5.1.jar
78f30000-78f34000 r--s 00023000 08:05 925995     /home/geet/.m2/repository/org/apache/maven/surefire/surefire-api/2.9/surefire-api-2.9.jar
78f34000-78f38000 r--s 0007c000 08:02 663685     /usr/lib/jvm/java-6-openjdk/jre/lib/jsse.jar
78f38000-78f40000 r--s 00066000 08:02 931825     /usr/share/java/gnome-java-bridge.jar
78f40000-78f43000 ---p 00000000 00:00 0 
78f43000-78f91000 rw-p 00000000 00:00 0 
78f91000-78f92000 ---p 00000000 00:00 0 
78f92000-79012000 rw-p 00000000 00:00 0 
79012000-79013000 ---p 00000000 00:00 0 
79013000-79093000 rw-p 00000000 00:00 0 
79093000-79094000 ---p 00000000 00:00 0 
79094000-79114000 rw-p 00000000 00:00 0 
79114000-79115000 ---p 00000000 00:00 0 
79115000-791a2000 rw-p 00000000 00:00 0 
791a2000-791d5000 rw-p 00000000 00:00 0 
791d5000-791e7000 rw-p 00000000 00:00 0 
791e7000-792e6000 rw-p 00000000 00:00 0 
792e6000-792f3000 rw-p 00000000 00:00 0 
792f3000-79326000 rw-p 00000000 00:00 0 
79326000-79338000 rw-p 00000000 00:00 0 
79338000-79436000 rw-p 00000000 00:00 0 
79436000-7947b000 rw-p 00000000 00:00 0 
7947b000-794bf000 rw-p 00000000 00:00 0 
794bf000-7aea0000 rw-p 00000000 00:00 0 
7aea0000-814c0000 rw-p 00000000 00:00 0 
814c0000-836d0000 rw-p 00000000 00:00 0 
836d0000-a3620000 rw-p 00000000 00:00 0 
a3620000-abe60000 rw-p 00000000 00:00 0 
abe60000-b46c0000 rw-p 00000000 00:00 0 
b46c0000-b46c1000 r--s 0000c000 08:05 413342     /home/geet/.m2/repository/org/springframework/spring-asm/3.0.5.RELEASE/spring-asm-3.0.5.RELEASE.jar
b46c1000-b46c3000 r--s 00007000 08:05 925991     /home/geet/.m2/repository/org/apache/maven/surefire/surefire-booter/2.9/surefire-booter-2.9.jar
b46c3000-b46ce000 rw-p 00000000 00:00 0 
b46ce000-b4783000 rw-p 00000000 00:00 0 
b4783000-b4a1b000 rwxp 00000000 00:00 0 
b4a1b000-b7783000 rw-p 00000000 00:00 0 
b7783000-b7786000 ---p 00000000 00:00 0 
b7786000-b77d7000 rw-p 00000000 00:00 0 
b77d7000-b77d8000 r--s 00002000 08:05 1057190    /home/geet/.m2/repository/org/motechproject/motech-mrs-api/0.3-SNAPSHOT/motech-mrs-api-0.3-SNAPSHOT.jar
b77d8000-b77db000 r--s 0000f000 08:02 671464     /usr/lib/jvm/java-6-openjdk/jre/lib/ext/pulse-java.jar
b77db000-b77dc000 r--s 00002000 08:05 796140     /home/geet/Dev/MoTech/GHANA-National/ghana-national-core/target/surefire/surefirebooter1836235026441131925.jar
b77dc000-b77dd000 r--p 007ed000 08:02 663603     /usr/lib/locale/locale-archive
b77dd000-b77e5000 rw-s 00000000 08:02 393627     /tmp/hsperfdata_geet/5651
b77e5000-b77e6000 rw-p 00000000 00:00 0 
b77e6000-b77e7000 r--p 00000000 00:00 0 
b77e7000-b77e9000 rw-p 00000000 00:00 0 
bfa31000-bfa67000 rw-p 00000000 00:00 0          [stack]

VM Arguments:
java_command: /home/geet/Dev/MoTech/GHANA-National/ghana-national-core/target/surefire/surefirebooter1836235026441131925.jar /home/geet/Dev/MoTech/GHANA-National/ghana-national-core/target/surefire/surefire2661885205510851859tmp /home/geet/Dev/MoTech/GHANA-National/ghana-national-core/target/surefire/surefire1530119585680327492tmp
Launcher Type: SUN_STANDARD

Environment Variables:
JAVA_HOME=/usr/lib/jvm/java-1.6.0-openjdk
PATH=/home/geet/.rvm/gems/ruby-1.9.2-p290/bin:/home/geet/.rvm/gems/ruby-1.9.2-p290@global/bin:/home/geet/.rvm/rubies/ruby-1.9.2-p290/bin:/home/geet/.rvm/bin:/home/geet/bin:/usr/local/sbin:/usr/local/bin:/usr/sbin:/usr/bin:/sbin:/bin:/usr/games
USERNAME=geet
LD_LIBRARY_PATH=/usr/lib/jvm/java-6-openjdk/jre/lib/i386/server:/usr/lib/jvm/java-6-openjdk/jre/lib/i386:/usr/lib/jvm/java-6-openjdk/jre/../lib/i386
SHELL=/bin/bash
DISPLAY=:0.0

Signal Handlers:
SIGSEGV: [libjvm.so+0x656ef0], sa_mask[0]=0x7ffbfeff, sa_flags=0x10000004
SIGBUS: [libjvm.so+0x656ef0], sa_mask[0]=0x7ffbfeff, sa_flags=0x10000004
SIGFPE: [libjvm.so+0x51d410], sa_mask[0]=0x7ffbfeff, sa_flags=0x10000004
SIGPIPE: [libjvm.so+0x51d410], sa_mask[0]=0x7ffbfeff, sa_flags=0x10000004
SIGXFSZ: [libjvm.so+0x51d410], sa_mask[0]=0x7ffbfeff, sa_flags=0x10000004
SIGILL: [libjvm.so+0x51d410], sa_mask[0]=0x7ffbfeff, sa_flags=0x10000004
SIGUSR1: SIG_DFL, sa_mask[0]=0x00000000, sa_flags=0x00000000
SIGUSR2: [libjvm.so+0x51d280], sa_mask[0]=0x00000004, sa_flags=0x10000004
SIGHUP: [libjvm.so+0x520070], sa_mask[0]=0x7ffbfeff, sa_flags=0x10000004
SIGINT: [libjvm.so+0x520070], sa_mask[0]=0x7ffbfeff, sa_flags=0x10000004
SIGTERM: [libjvm.so+0x520070], sa_mask[0]=0x7ffbfeff, sa_flags=0x10000004
SIGQUIT: [libjvm.so+0x520070], sa_mask[0]=0x7ffbfeff, sa_flags=0x10000004


---------------  S Y S T E M  ---------------

OS:Ubuntu 11.04 (natty)
uname:Linux 2.6.38-12-generic #51-Ubuntu SMP Wed Sep 28 14:25:20 UTC 2011 i686
libc:glibc 2.13 NPTL 2.13 
rlimit: STACK 8192k, CORE 0k, NPROC infinity, NOFILE 4096, AS infinity
load average:1.80 0.98 0.75

/proc/meminfo:
MemTotal:        3344416 kB
MemFree:          102112 kB
Buffers:           77936 kB
Cached:           891320 kB
SwapCached:            0 kB
Active:          2634908 kB
Inactive:         491136 kB
Active(anon):    2157712 kB
Inactive(anon):     2364 kB
Active(file):     477196 kB
Inactive(file):   488772 kB
Unevictable:           0 kB
Mlocked:               0 kB
HighTotal:       2488708 kB
HighFree:           5840 kB
LowTotal:         855708 kB
LowFree:           96272 kB
SwapTotal:             0 kB
SwapFree:              0 kB
Dirty:               416 kB
Writeback:             0 kB
AnonPages:       2156912 kB
Mapped:           117900 kB
Shmem:              3220 kB
Slab:              44840 kB
SReclaimable:      28800 kB
SUnreclaim:        16040 kB
KernelStack:        4464 kB
PageTables:         8104 kB
NFS_Unstable:          0 kB
Bounce:                0 kB
WritebackTmp:          0 kB
CommitLimit:     1672208 kB
Committed_AS:    3481964 kB
VmallocTotal:     122880 kB
VmallocUsed:       83968 kB
VmallocChunk:      25596 kB
HardwareCorrupted:     0 kB
HugePages_Total:       0
HugePages_Free:        0
HugePages_Rsvd:        0
HugePages_Surp:        0
Hugepagesize:       4096 kB
DirectMap4k:       57336 kB
DirectMap4M:      851968 kB


CPU:total 4 (2 cores per cpu, 2 threads per core) family 6 model 37 stepping 5, cmov, cx8, fxsr, mmx, sse, sse2, sse3, ssse3, sse4.1, sse4.2, popcnt, ht

Memory: 4k page, physical 3344416k(102112k free), swap 0k(0k free)

vm_info: OpenJDK Server VM (20.0-b11) for linux-x86 JRE (1.6.0_22-b22), built on Jun 11 2011 05:56:20 by "buildd" with gcc 4.5.2

time: Tue Nov  8 19:18:12 2011
elapsed time: 7 seconds

